  dllmain.cpp
d:\code\fuckwxy\fuckwxy\HackProcess.h(260): warning C4996: 'stricmp': The POSIX name for this item is deprecated. Instead, use the ISO C and C++ conformant name: _stricmp. See online help for details.
  C:\Program Files (x86)\Windows Kits\10\Include\10.0.10240.0\ucrt\string.h(568): note: 参见“stricmp”的声明
dllmain.cpp(23): warning C4477: “printf”: 格式字符串“%d”需要类型“int”的参数，但可变参数 1 拥有了类型“DWORD64”
  dllmain.cpp(23): note: 请考虑在格式字符串中使用“%lld”
  dllmain.cpp(23): note: 请考虑在格式字符串中使用“%Id”
  dllmain.cpp(23): note: 请考虑在格式字符串中使用“%I64d”
dllmain.cpp(144): warning C4101: “hdc”: 未引用的局部变量
dllmain.cpp(143): warning C4101: “ps”: 未引用的局部变量
dllmain.cpp(265): warning C4996: 'freopen': This function or variable may be unsafe. Consider using freopen_s instead. To disable deprecation, use _CRT_SECURE_NO_WARNINGS. See online help for details.
  C:\Program Files (x86)\Windows Kits\10\Include\10.0.10240.0\ucrt\stdio.h(240): note: 参见“freopen”的声明
  FuckWXY.cpp
d:\code\fuckwxy\fuckwxy\HackProcess.h(260): warning C4996: 'stricmp': The POSIX name for this item is deprecated. Instead, use the ISO C and C++ conformant name: _stricmp. See online help for details.
  C:\Program Files (x86)\Windows Kits\10\Include\10.0.10240.0\ucrt\string.h(568): note: 参见“stricmp”的声明
  正在生成代码
  11 of 36 functions (30.6%) were compiled, the rest were copied from previous compilation.
    0 functions were new in current compilation
    2 functions had inline decision re-evaluated but remain unchanged
  已完成代码的生成
  FuckWXY.vcxproj -> D:\code\FuckWXY\x64\Release\FuckWXY.dll
  FuckWXY.vcxproj -> D:\code\FuckWXY\x64\Release\FuckWXY.pdb (Full PDB)
